#
# There is insufficient memory for the Java Runtime Environment to continue.
# Native memory allocation (malloc) failed to allocate 1123728 bytes for Chunk::new
# Possible reasons:
#   The system is out of physical RAM or swap space
#   In 32 bit mode, the process size limit was hit
# Possible solutions:
#   Reduce memory load on the system
#   Increase physical memory or swap space
#   Check if swap backing store is full
#   Use 64 bit Java on a 64 bit OS
#   Decrease Java heap size (-Xmx/-Xms)
#   Decrease number of Java threads
#   Decrease Java thread stack sizes (-Xss)
#   Set larger code cache with -XX:ReservedCodeCacheSize=
# This output file may be truncated or incomplete.
#
#  Out of Memory Error (allocation.cpp:390), pid=520, tid=1308
#
# JRE version: Java(TM) SE Runtime Environment (8.0_45-b15) (build 1.8.0_45-b15)
# Java VM: Java HotSpot(TM) 64-Bit Server VM (25.45-b02 mixed mode windows-amd64 compressed oops)
# Failed to write core dump. Minidumps are not enabled by default on client versions of Windows
#

---------------  T H R E A D  ---------------

Current thread (0x00000000073ba800):  JavaThread "C2 CompilerThread0" daemon [_thread_in_native, id=1308, stack(0x0000000007b90000,0x0000000007c90000)]

Stack: [0x0000000007b90000,0x0000000007c90000]
[error occurred during error reporting (printing stack bounds), id 0xc0000005]

Native frames: (J=compiled Java code, j=interpreted, Vv=VM code, C=native code)
V  [jvm.dll+0x32b57a]
V  [jvm.dll+0x279873]
V  [jvm.dll+0x27a509]
V  [jvm.dll+0x2934e6]
V  [jvm.dll+0x297e0c]
V  [jvm.dll+0x5ca86f]
C  [msvcr100.dll+0x712e3]
V  [jvm.dll+0x5c9f6d]
C  [ntdll.dll+0x29d2d]
C  [ntdll.dll+0x191cf]
C  [ntdll.dll+0x51248]
V  [jvm.dll+0x21bcd1]


Current CompileTask:
C2:   5600 1592       4       com.android.dx.ssa.LocalVariableExtractor::processBlock (383 bytes)


---------------  P R O C E S S  ---------------

Java Threads: ( => current thread )
  0x0000000007421000 JavaThread "Service Thread" daemon [_thread_blocked, id=1632, stack(0x0000000007ee0000,0x0000000007fe0000)]
  0x000000000741e000 JavaThread "C1 CompilerThread2" daemon [_thread_blocked, id=5552, stack(0x0000000007dc0000,0x0000000007ec0000)]
  0x000000000741d800 JavaThread "C2 CompilerThread1" daemon [_thread_in_native, id=4288, stack(0x0000000007ca0000,0x0000000007da0000)]
=>0x00000000073ba800 JavaThread "C2 CompilerThread0" daemon [_thread_in_native, id=1308, stack(0x0000000007b90000,0x0000000007c90000)]
  0x00000000073b9800 JavaThread "Attach Listener" daemon [_thread_blocked, id=3172, stack(0x00000000079b0000,0x0000000007ab0000)]
  0x00000000073b8800 JavaThread "Signal Dispatcher" daemon [_thread_blocked, id=2348, stack(0x00000000077f0000,0x00000000078f0000)]
  0x0000000006027000 JavaThread "Finalizer" daemon [_thread_blocked, id=4688, stack(0x00000000072b0000,0x00000000073b0000)]
  0x0000000006020000 JavaThread "Reference Handler" daemon [_thread_blocked, id=3932, stack(0x00000000071b0000,0x00000000072b0000)]
  0x00000000020ae000 JavaThread "main" [_thread_in_Java, id=2272, stack(0x0000000002680000,0x0000000002780000)]

Other Threads:
  0x000000000601a800 VMThread [stack: 0x0000000006ec0000,0x0000000006fc0000] [id=3824]
  0x0000000007424800 WatcherThread [stack: 0x00000000080d0000,0x00000000081d0000] [id=4856]

VM state:not at safepoint (normal execution)

VM Mutex/Monitor currently owned by a thread: None

Heap:
 PSYoungGen      total 71680K, used 47337K [0x00000000eab00000, 0x00000000efb00000, 0x0000000100000000)
  eden space 61440K, 65% used [0x00000000eab00000,0x00000000ed299838,0x00000000ee700000)
  from space 10240K, 66% used [0x00000000ef100000,0x00000000ef7a0c98,0x00000000efb00000)
  to   space 10240K, 0% used [0x00000000ee700000,0x00000000ee700000,0x00000000ef100000)
 ParOldGen       total 40960K, used 22104K [0x00000000c0000000, 0x00000000c2800000, 0x00000000eab00000)
  object space 40960K, 53% used [0x00000000c0000000,0x00000000c1596050,0x00000000c2800000)
 Metaspace       used 6040K, capacity 7088K, committed 7296K, reserved 1056768K
  class space    used 579K, capacity 616K, committed 640K, reserved 1048576K

Card table byte_map: [0x0000000002b40000,0x0000000002d50000] byte_map_base: 0x0000000002540000

Marking Bits: (ParMarkBitMap*) 0x0000000053f64040
 Begin Bits: [0x0000000003490000, 0x0000000004490000)
 End Bits:   [0x0000000004490000, 0x0000000005490000)

Polling page: 0x0000000000330000

CodeCache: size=245760Kb used=7044Kb max_used=7044Kb free=238716Kb
 bounds [0x000000000f010000, 0x000000000f700000, 0x000000001e010000]
 total_blobs=1937 nmethods=1670 adapters=180
 compilation: enabled

Compilation events (10 events):
Event: 4.325 Thread 0x000000000741e000 1613 %     3       com.android.dx.ssa.back.FirstFitLocalCombiningAllocator::getLocalItemForReg @ 48 (97 bytes)
Event: 4.326 Thread 0x000000000741e000 nmethod 1613% 0x000000000f6a03d0 code [0x000000000f6a0620, 0x000000000f6a1638]
Event: 4.326 Thread 0x000000000741e000 1614       3       com.android.dx.ssa.back.FirstFitLocalCombiningAllocator::getLocalItemForReg (97 bytes)
Event: 4.327 Thread 0x000000000741e000 nmethod 1614 0x000000000f69ecd0 code [0x000000000f69ef20, 0x000000000f69fe58]
Event: 4.333 Thread 0x000000000741d800 nmethod 1597 0x000000000f698590 code [0x000000000f698720, 0x000000000f698c68]
Event: 4.333 Thread 0x000000000741d800 1603       4       com.android.dx.rop.code.RegisterSpecSet::localItemToSpec (49 bytes)
Event: 4.337 Thread 0x000000000741d800 nmethod 1603 0x000000000f6bfd50 code [0x000000000f6bfea0, 0x000000000f6c02f8]
Event: 4.338 Thread 0x000000000741d800 1450       4       com.android.dx.ssa.SsaRenamer$BlockRenamer::processResultReg (56 bytes)
Event: 4.452 Thread 0x000000000741d800 nmethod 1450 0x000000000f6c3990 code [0x000000000f6c3c80, 0x000000000f6c56b8]
Event: 4.452 Thread 0x000000000741d800 1618   !   4       com.android.dx.cf.code.BytecodeArray::parseInstruction (2764 bytes)

GC Heap History (10 events):
Event: 2.346 GC heap before
{Heap before GC invocations=2 (full 0):
 PSYoungGen      total 17920K, used 17897K [0x00000000eab00000, 0x00000000ebf00000, 0x0000000100000000)
  eden space 15360K, 100% used [0x00000000eab00000,0x00000000eba00000,0x00000000eba00000)
  from space 2560K, 99% used [0x00000000eba00000,0x00000000ebc7a528,0x00000000ebc80000)
  to   space 2560K, 0% used [0x00000000ebc80000,0x00000000ebc80000,0x00000000ebf00000)
 ParOldGen       total 40960K, used 1619K [0x00000000c0000000, 0x00000000c2800000, 0x00000000eab00000)
  object space 40960K, 3% used [0x00000000c0000000,0x00000000c0194fe8,0x00000000c2800000)
 Metaspace       used 5730K, capacity 6896K, committed 7040K, reserved 1056768K
  class space    used 554K, capacity 616K, committed 640K, reserved 1048576K
Event: 2.397 GC heap after
Heap after GC invocations=2 (full 0):
 PSYoungGen      total 17920K, used 2552K [0x00000000eab00000, 0x00000000ece00000, 0x0000000100000000)
  eden space 15360K, 0% used [0x00000000eab00000,0x00000000eab00000,0x00000000eba00000)
  from space 2560K, 99% used [0x00000000ebc80000,0x00000000ebefe058,0x00000000ebf00000)
  to   space 2560K, 0% used [0x00000000eba00000,0x00000000eba00000,0x00000000ebc80000)
 ParOldGen       total 40960K, used 3863K [0x00000000c0000000, 0x00000000c2800000, 0x00000000eab00000)
  object space 40960K, 9% used [0x00000000c0000000,0x00000000c03c5e50,0x00000000c2800000)
 Metaspace       used 5730K, capacity 6896K, committed 7040K, reserved 1056768K
  class space    used 554K, capacity 616K, committed 640K, reserved 1048576K
}
Event: 2.655 GC heap before
{Heap before GC invocations=3 (full 0):
 PSYoungGen      total 17920K, used 17912K [0x00000000eab00000, 0x00000000ece00000, 0x0000000100000000)
  eden space 15360K, 100% used [0x00000000eab00000,0x00000000eba00000,0x00000000eba00000)
  from space 2560K, 99% used [0x00000000ebc80000,0x00000000ebefe058,0x00000000ebf00000)
  to   space 2560K, 0% used [0x00000000eba00000,0x00000000eba00000,0x00000000ebc80000)
 ParOldGen       total 40960K, used 3863K [0x00000000c0000000, 0x00000000c2800000, 0x00000000eab00000)
  object space 40960K, 9% used [0x00000000c0000000,0x00000000c03c5e50,0x00000000c2800000)
 Metaspace       used 5858K, capacity 7024K, committed 7296K, reserved 1056768K
  class space    used 559K, capacity 616K, committed 640K, reserved 1048576K
Event: 2.723 GC heap after
Heap after GC invocations=3 (full 0):
 PSYoungGen      total 17920K, used 2557K [0x00000000eab00000, 0x00000000ece00000, 0x0000000100000000)
  eden space 15360K, 0% used [0x00000000eab00000,0x00000000eab00000,0x00000000eba00000)
  from space 2560K, 99% used [0x00000000eba00000,0x00000000ebc7f518,0x00000000ebc80000)
  to   space 2560K, 0% used [0x00000000ecb80000,0x00000000ecb80000,0x00000000ece00000)
 ParOldGen       total 40960K, used 6274K [0x00000000c0000000, 0x00000000c2800000, 0x00000000eab00000)
  object space 40960K, 15% used [0x00000000c0000000,0x00000000c0620bd8,0x00000000c2800000)
 Metaspace       used 5858K, capacity 7024K, committed 7296K, reserved 1056768K
  class space    used 559K, capacity 616K, committed 640K, reserved 1048576K
}
Event: 2.888 GC heap before
{Heap before GC invocations=4 (full 0):
 PSYoungGen      total 17920K, used 17917K [0x00000000eab00000, 0x00000000ece00000, 0x0000000100000000)
  eden space 15360K, 100% used [0x00000000eab00000,0x00000000eba00000,0x00000000eba00000)
  from space 2560K, 99% used [0x00000000eba00000,0x00000000ebc7f518,0x00000000ebc80000)
  to   space 2560K, 0% used [0x00000000ecb80000,0x00000000ecb80000,0x00000000ece00000)
 ParOldGen       total 40960K, used 6274K [0x00000000c0000000, 0x00000000c2800000, 0x00000000eab00000)
  object space 40960K, 15% used [0x00000000c0000000,0x00000000c0620bd8,0x00000000c2800000)
 Metaspace       used 5882K, capacity 7024K, committed 7296K, reserved 1056768K
  class space    used 560K, capacity 616K, committed 640K, reserved 1048576K
Event: 3.081 GC heap after
Heap after GC invocations=4 (full 0):
 PSYoungGen      total 33280K, used 2544K [0x00000000eab00000, 0x00000000ece00000, 0x0000000100000000)
  eden space 30720K, 0% used [0x00000000eab00000,0x00000000eab00000,0x00000000ec900000)
  from space 2560K, 99% used [0x00000000ecb80000,0x00000000ecdfc158,0x00000000ece00000)
  to   space 2560K, 0% used [0x00000000ec900000,0x00000000ec900000,0x00000000ecb80000)
 ParOldGen       total 40960K, used 8808K [0x00000000c0000000, 0x00000000c2800000, 0x00000000eab00000)
  object space 40960K, 21% used [0x00000000c0000000,0x00000000c089a180,0x00000000c2800000)
 Metaspace       used 5882K, capacity 7024K, committed 7296K, reserved 1056768K
  class space    used 560K, capacity 616K, committed 640K, reserved 1048576K
}
Event: 3.682 GC heap before
{Heap before GC invocations=5 (full 0):
 PSYoungGen      total 33280K, used 33264K [0x00000000eab00000, 0x00000000ece00000, 0x0000000100000000)
  eden space 30720K, 100% used [0x00000000eab00000,0x00000000ec900000,0x00000000ec900000)
  from space 2560K, 99% used [0x00000000ecb80000,0x00000000ecdfc158,0x00000000ece00000)
  to   space 2560K, 0% used [0x00000000ec900000,0x00000000ec900000,0x00000000ecb80000)
 ParOldGen       total 40960K, used 8808K [0x00000000c0000000, 0x00000000c2800000, 0x00000000eab00000)
  object space 40960K, 21% used [0x00000000c0000000,0x00000000c089a180,0x00000000c2800000)
 Metaspace       used 5994K, capacity 7088K, committed 7296K, reserved 1056768K
  class space    used 578K, capacity 616K, committed 640K, reserved 1048576K
Event: 4.122 GC heap after
Heap after GC invocations=5 (full 0):
 PSYoungGen      total 33280K, used 2529K [0x00000000eab00000, 0x00000000ef400000, 0x0000000100000000)
  eden space 30720K, 0% used [0x00000000eab00000,0x00000000eab00000,0x00000000ec900000)
  from space 2560K, 98% used [0x00000000ec900000,0x00000000ecb78640,0x00000000ecb80000)
  to   space 6656K, 0% used [0x00000000eed80000,0x00000000eed80000,0x00000000ef400000)
 ParOldGen       total 40960K, used 12769K [0x00000000c0000000, 0x00000000c2800000, 0x00000000eab00000)
  object space 40960K, 31% used [0x00000000c0000000,0x00000000c0c78788,0x00000000c2800000)
 Metaspace       used 5994K, capacity 7088K, committed 7296K, reserved 1056768K
  class space    used 578K, capacity 616K, committed 640K, reserved 1048576K
}
Event: 4.492 GC heap before
{Heap before GC invocations=6 (full 0):
 PSYoungGen      total 33280K, used 33249K [0x00000000eab00000, 0x00000000ef400000, 0x0000000100000000)
  eden space 30720K, 100% used [0x00000000eab00000,0x00000000ec900000,0x00000000ec900000)
  from space 2560K, 98% used [0x00000000ec900000,0x00000000ecb78640,0x00000000ecb80000)
  to   space 6656K, 0% used [0x00000000eed80000,0x00000000eed80000,0x00000000ef400000)
 ParOldGen       total 40960K, used 12769K [0x00000000c0000000, 0x00000000c2800000, 0x00000000eab00000)
  object space 40960K, 31% used [0x00000000c0000000,0x00000000c0c78788,0x00000000c2800000)
 Metaspace       used 6001K, capacity 7088K, committed 7296K, reserved 1056768K
  class space    used 579K, capacity 616K, committed 640K, reserved 1048576K
Event: 4.629 GC heap after
Heap after GC invocations=6 (full 0):
 PSYoungGen      total 37376K, used 6634K [0x00000000eab00000, 0x00000000ef400000, 0x0000000100000000)
  eden space 30720K, 0% used [0x00000000eab00000,0x00000000eab00000,0x00000000ec900000)
  from space 6656K, 99% used [0x00000000eed80000,0x00000000ef3faba0,0x00000000ef400000)
  to   space 2560K, 0% used [0x00000000ec900000,0x00000000ec900000,0x00000000ecb80000)
 ParOldGen       total 40960K, used 12769K [0x00000000c0000000, 0x00000000c2800000, 0x00000000eab00000)
  object space 40960K, 31% used [0x00000000c0000000,0x00000000c0c78788,0x00000000c2800000)
 Metaspace       used 6001K, capacity 7088K, committed 7296K, reserved 1056768K
  class space    used 579K, capacity 616K, committed 640K, reserved 1048576K
}

Deoptimization events (10 events):
Event: 3.409 Thread 0x00000000020ae000 Uncommon trap: reason=class_check action=maybe_recompile pc=0x000000000f49f5c8 method=java.util.HashMap.putVal(ILjava/lang/Object;Ljava/lang/Object;ZZ)Ljava/lang/Object; @ 203
Event: 3.658 Thread 0x00000000020ae000 Uncommon trap: reason=unstable_if action=reinterpret pc=0x000000000f3e16a4 method=com.android.dx.rop.code.RegisterSpec.equals(ILcom/android/dx/rop/type/TypeBearer;Lcom/android/dx/rop/code/LocalItem;)Z @ 16
Event: 3.675 Thread 0x00000000020ae000 Uncommon trap: reason=bimorphic action=maybe_recompile pc=0x000000000f68190c method=com.android.dx.rop.code.RegisterSpec.withSimpleType()Lcom/android/dx/rop/code/RegisterSpec; @ 21
Event: 3.675 Thread 0x00000000020ae000 Uncommon trap: reason=bimorphic action=maybe_recompile pc=0x000000000f68190c method=com.android.dx.rop.code.RegisterSpec.withSimpleType()Lcom/android/dx/rop/code/RegisterSpec; @ 21
Event: 4.124 Thread 0x00000000020ae000 Uncommon trap: reason=bimorphic action=maybe_recompile pc=0x000000000f68190c method=com.android.dx.rop.code.RegisterSpec.withSimpleType()Lcom/android/dx/rop/code/RegisterSpec; @ 21
Event: 4.124 Thread 0x00000000020ae000 Uncommon trap: reason=bimorphic action=maybe_recompile pc=0x000000000f68190c method=com.android.dx.rop.code.RegisterSpec.withSimpleType()Lcom/android/dx/rop/code/RegisterSpec; @ 21
Event: 4.381 Thread 0x00000000020ae000 Uncommon trap: reason=class_check action=maybe_recompile pc=0x000000000f6a4d48 method=com.android.dx.cf.code.BytecodeArray.parseInstruction(ILcom/android/dx/cf/code/BytecodeArray$Visitor;)I @ 987
Event: 4.383 Thread 0x00000000020ae000 Uncommon trap: reason=class_check action=maybe_recompile pc=0x000000000f6a4d48 method=com.android.dx.cf.code.BytecodeArray.parseInstruction(ILcom/android/dx/cf/code/BytecodeArray$Visitor;)I @ 987
Event: 4.414 Thread 0x00000000020ae000 Uncommon trap: reason=class_check action=maybe_recompile pc=0x000000000f6a4d48 method=com.android.dx.cf.code.BytecodeArray.parseInstruction(ILcom/android/dx/cf/code/BytecodeArray$Visitor;)I @ 987
Event: 4.414 Thread 0x00000000020ae000 Uncommon trap: reason=class_check action=maybe_recompile pc=0x000000000f6a4d48 method=com.android.dx.cf.code.BytecodeArray.parseInstruction(ILcom/android/dx/cf/code/BytecodeArray$Visitor;)I @ 987

Internal exceptions (7 events):
Event: 0.154 Thread 0x00000000020ae000 Exception <a 'java/lang/NoSuchMethodError': Method sun.misc.Unsafe.defineClass(Ljava/lang/String;[BII)Ljava/lang/Class; name or signature does not match> (0x00000000eab12f80) thrown at [C:\re\workspace\8-2-build-windows-amd64-cygwin\jdk8u45\3627\hotspot\srK
Event: 0.154 Thread 0x00000000020ae000 Exception <a 'java/lang/NoSuchMethodError': Method sun.misc.Unsafe.prefetchRead(Ljava/lang/Object;J)V name or signature does not match> (0x00000000eab13210) thrown at [C:\re\workspace\8-2-build-windows-amd64-cygwin\jdk8u45\3627\hotspot\src\share\vm\prims\j√¿åÅ™ˇ?
Event: 1.979 Thread 0x00000000020ae000 Implicit null exception at 0x000000000f3e61d2 to 0x000000000f3e62c5
Event: 2.025 Thread 0x00000000020ae000 Implicit null exception at 0x000000000f3cc9b0 to 0x000000000f3ced69
Event: 3.292 Thread 0x00000000020ae000 Exception <a 'java/lang/ArrayIndexOutOfBoundsException': 18> (0x00000000eb83d8b0) thrown at [C:\re\workspace\8-2-build-windows-amd64-cygwin\jdk8u45\3627\hotspot\src\share\vm\interpreter\interpreterRuntime.cpp, line 366]
Event: 3.293 Thread 0x00000000020ae000 Exception <a 'java/lang/ArrayIndexOutOfBoundsException'> (0x00000000eb83f3a0) thrown at [C:\re\workspace\8-2-build-windows-amd64-cygwin\jdk8u45\3627\hotspot\src\share\vm\runtime\sharedRuntime.cpp, line 605]
Event: 3.293 Thread 0x00000000020ae000 Exception <a 'java/lang/ArrayIndexOutOfBoundsException'> (0x00000000eb8405d8) thrown at [C:\re\workspace\8-2-build-windows-amd64-cygwin\jdk8u45\3627\hotspot\src\share\vm\runtime\sharedRuntime.cpp, line 605]

Events (10 events):
Event: 4.414 Thread 0x00000000020ae000 Uncommon trap: trap_request=0xffffffde fr.pc=0x000000000f6a4d48
Event: 4.414 Thread 0x00000000020ae000 DEOPT PACKING pc=0x000000000f6a4d48 sp=0x000000000277eba0
Event: 4.414 Thread 0x00000000020ae000 DEOPT UNPACKING pc=0x000000000f05582a sp=0x000000000277eb60 mode 2
Event: 4.414 Thread 0x00000000020ae000 Uncommon trap: trap_request=0xffffffde fr.pc=0x000000000f6a4d48
Event: 4.414 Thread 0x00000000020ae000 DEOPT PACKING pc=0x000000000f6a4d48 sp=0x000000000277ea00
Event: 4.414 Thread 0x00000000020ae000 DEOPT UNPACKING pc=0x000000000f05582a sp=0x000000000277e9c0 mode 2
Event: 4.463 loading class com/android/dx/cf/attrib/AttDeprecated
Event: 4.463 loading class com/android/dx/cf/attrib/AttDeprecated done
Event: 4.492 Executing VM operation: ParallelGCFailedAllocation
Event: 4.629 Executing VM operation: ParallelGCFailedAllocation done


Dynamic libraries:
0x000000013ffd0000 - 0x0000000140007000 	C:\Program Files\Java\jdk1.8.0_45\bin\java.exe
0x0000000076f60000 - 0x0000000077109000 	C:\Windows\SYSTEM32\ntdll.dll
0x0000000076d40000 - 0x0000000076e5f000 	C:\Windows\system32\kernel32.dll
0x000007fefcdc0000 - 0x000007fefce2c000 	C:\Windows\system32\KERNELBASE.dll
0x000007fefd340000 - 0x000007fefd41b000 	C:\Windows\system32\ADVAPI32.dll
0x000007fefecb0000 - 0x000007fefed4f000 	C:\Windows\system32\msvcrt.dll
0x000007feff120000 - 0x000007feff13f000 	C:\Windows\SYSTEM32\sechost.dll
0x000007feff140000 - 0x000007feff26d000 	C:\Windows\system32\RPCRT4.dll
0x0000000076e60000 - 0x0000000076f5a000 	C:\Windows\system32\USER32.dll
0x000007fefed50000 - 0x000007fefedb7000 	C:\Windows\system32\GDI32.dll
0x000007fefe4b0000 - 0x000007fefe4be000 	C:\Windows\system32\LPK.dll
0x000007fefede0000 - 0x000007fefeea9000 	C:\Windows\system32\USP10.dll
0x000007fefb4e0000 - 0x000007fefb6d4000 	C:\Windows\WinSxS\amd64_microsoft.windows.common-controls_6595b64144ccf1df_6.0.7601.17514_none_fa396087175ac9ac\COMCTL32.dll
0x000007fefe670000 - 0x000007fefe6e1000 	C:\Windows\system32\SHLWAPI.dll
0x000007fefeeb0000 - 0x000007fefeede000 	C:\Windows\system32\IMM32.DLL
0x000007fefe560000 - 0x000007fefe669000 	C:\Windows\system32\MSCTF.dll
0x000007fefcca0000 - 0x000007fefccd1000 	C:\Windows\system32\nvinitx.dll
0x000000000f000000 - 0x000000000f006000 	C:\Program Files\NVIDIA Corporation\CoProcManager\detoured.dll
0x000007fef9f30000 - 0x000007fef9f62000 	C:\Program Files\NVIDIA Corporation\CoProcManager\nvd3d9wrapx.dll
0x000007fefe9f0000 - 0x000007fefebc7000 	C:\Windows\system32\SETUPAPI.dll
0x000007fefd0f0000 - 0x000007fefd126000 	C:\Windows\system32\CFGMGR32.dll
0x000007fefebd0000 - 0x000007fefeca7000 	C:\Windows\system32\OLEAUT32.dll
0x000007fefe7e0000 - 0x000007fefe9e3000 	C:\Windows\system32\ole32.dll
0x000007fefce40000 - 0x000007fefce5a000 	C:\Windows\system32\DEVOBJ.dll
0x000007fef9f00000 - 0x000007fef9f22000 	C:\Program Files\NVIDIA Corporation\CoProcManager\nvdxgiwrapx.dll
0x000000005c700000 - 0x000000005c7d2000 	C:\Program Files\Java\jdk1.8.0_45\jre\bin\msvcr100.dll
0x0000000053760000 - 0x0000000053fe3000 	C:\Program Files\Java\jdk1.8.0_45\jre\bin\server\jvm.dll
0x000007fef6de0000 - 0x000007fef6de9000 	C:\Windows\system32\WSOCK32.dll
0x000007fefd420000 - 0x000007fefd46d000 	C:\Windows\system32\WS2_32.dll
0x000007fefe770000 - 0x000007fefe778000 	C:\Windows\system32\NSI.dll
0x000007fefaeb0000 - 0x000007fefaeeb000 	C:\Windows\system32\WINMM.dll
0x000007fefbe00000 - 0x000007fefbe0c000 	C:\Windows\system32\VERSION.dll
0x0000000077120000 - 0x0000000077127000 	C:\Windows\system32\PSAPI.DLL
0x000000005bf90000 - 0x000000005bf9f000 	C:\Program Files\Java\jdk1.8.0_45\jre\bin\verify.dll
0x000000005bf60000 - 0x000000005bf89000 	C:\Program Files\Java\jdk1.8.0_45\jre\bin\java.dll
0x000000005be80000 - 0x000000005be96000 	C:\Program Files\Java\jdk1.8.0_45\jre\bin\zip.dll
0x000007fefd720000 - 0x000007fefe4a8000 	C:\Windows\system32\SHELL32.dll
0x000007fefcd70000 - 0x000007fefcd7f000 	C:\Windows\system32\profapi.dll
0x000007fee8290000 - 0x000007fee83b5000 	C:\Windows\system32\dbghelp.dll

VM Arguments:
jvm_args: -Xmx1024M -Dfile.encoding=x-windows-949 -Duser.country=KR -Duser.language=ko -Duser.variant 
java_command: com.android.dx.command.Main --dex --output C:\Users\Administrator\Documents\GitHub\AwesomeMusic2\app\build\intermediates\pre-dexed\debug\classes-144d06f0bab3bc942729f10d481fb80e8e5aa97a.jar C:\Users\Administrator\Documents\GitHub\AwesomeMusic2\app\build\intermediates\exploded-aar\com.android.support\appcompat-v7\22.1.1\jars\classes.jar
java_class_path (initial): C:\Users\Administrator\AppData\Local\Android\sdk\build-tools\22.0.1\lib\dx.jar
Launcher Type: SUN_STANDARD

Environment Variables:
JAVA_HOME=C:\Program Files\Java\jdk1.8.0_45
PATH=C:\ProgramData\Oracle\Java\javapath;C:\Windows\system32;C:\Windows;C:\Windows\System32\Wbem;C:\Windows\System32\WindowsPowerShell\v1.0\;C:\Program Files\Intel\WiFi\bin\;C:\Program Files\Common Files\Intel\WirelessCommon\;C:\Program Files\Java\jdk1.8.0_45\bin;C:\Windows\system32\config\systemprofile\.dnx\bin;C:\Program Files\Microsoft DNX\Dnvm\;C:\Program Files (x86)\Windows Kits\8.1\Windows Performance Toolkit\;C:\Program Files\Intel\WiFi\bin\;C:\Program Files\Common Files\Intel\WirelessCommon\
USERNAME=Administrator
OS=Windows_NT
PROCESSOR_IDENTIFIER=Intel64 Family 6 Model 69 Stepping 1, GenuineIntel



---------------  S Y S T E M  ---------------

OS: Windows 7 , 64 bit Build 7601 (6.1.7601.18409)

CPU:total 4 (2 cores per cpu, 2 threads per core) family 6 model 69 stepping 1, cmov, cx8, fxsr, mmx, sse, sse2, sse3, ssse3, sse4.1, sse4.2, popcnt, avx, avx2, aes, clmul, erms, lzcnt, ht, tsc, tscinvbit, bmi1, bmi2

Memory: 4k page, physical 3890176k(383912k free), swap 5985464k(343232k free)

vm_info: Java HotSpot(TM) 64-Bit Server VM (25.45-b02) for windows-amd64 JRE (1.8.0_45-b15), built on Apr 30 2015 12:40:44 by "java_re" with MS VC++ 10.0 (VS2010)

time: Tue Nov 03 19:17:06 2015
elapsed time: 30 seconds (0d 0h 0m 30s)

